
--- 2025-08-31T16:50:34.012Z debug
🪵  Writing logs to "/home/runner/workspace/.config/.wrangler/logs/wrangler-2025-08-31_16-50-23_676.log"
---

--- 2025-08-31T16:50:34.012Z debug
Failed to load .env file ".env": Error: ENOENT: no such file or directory, open '.env'
    at Object.openSync (node:fs:582:18)
    at Object.readFileSync (node:fs:461:35)
    at tryLoadDotEnv (/nix/store/5drw95c0mcnziyvxyx9rzk1f42mldiq3-wrangler-3.34.2/lib/node_modules/wrangler/wrangler-dist/cli.js:124353:72)
    at loadDotEnv (/nix/store/5drw95c0mcnziyvxyx9rzk1f42mldiq3-wrangler-3.34.2/lib/node_modules/wrangler/wrangler-dist/cli.js:124362:12)
    at /nix/store/5drw95c0mcnziyvxyx9rzk1f42mldiq3-wrangler-3.34.2/lib/node_modules/wrangler/wrangler-dist/cli.js:164011:20
    at /nix/store/5drw95c0mcnziyvxyx9rzk1f42mldiq3-wrangler-3.34.2/lib/node_modules/wrangler/wrangler-dist/cli.js:131396:16
    at maybeAsyncResult (/nix/store/5drw95c0mcnziyvxyx9rzk1f42mldiq3-wrangler-3.34.2/lib/node_modules/wrangler/wrangler-dist/cli.js:129617:44)
    at /nix/store/5drw95c0mcnziyvxyx9rzk1f42mldiq3-wrangler-3.34.2/lib/node_modules/wrangler/wrangler-dist/cli.js:131395:14
    at /nix/store/5drw95c0mcnziyvxyx9rzk1f42mldiq3-wrangler-3.34.2/lib/node_modules/wrangler/wrangler-dist/cli.js:129604:22
    at Array.reduce (<anonymous>) {
  errno: -2,
  code: 'ENOENT',
  syscall: 'open',
  path: '.env'
}
---
