
--- 2025-08-31T17:32:54.337Z debug
🪵  Writing logs to "/home/runner/workspace/.config/.wrangler/logs/wrangler-2025-08-31_17-32-54_071.log"
---

--- 2025-08-31T17:32:54.337Z debug
Metrics dispatcher: Posting data {"deviceId":"68948afc-595c-4c4d-8e12-41e719670161","event":"wrangler command started","timestamp":1756661574336,"properties":{"amplitude_session_id":1756661574333,"amplitude_event_id":0,"wranglerVersion":"4.33.1","osPlatform":"Linux","osVersion":"#1-NixOS SMP PREEMPT_DYNAMIC Tue Jan  1 00:00:00 UTC 1980","nodeVersion":20,"packageManager":"npm","isFirstUsage":false,"configFileType":"toml","isCI":false,"isPagesCI":false,"isWorkersCI":false,"isInteractive":false,"hasAssets":false,"argsUsed":[],"argsCombination":"","command":"wrangler whoami","args":{}}}
---

--- 2025-08-31T17:32:54.417Z debug
.env file not found at "/home/runner/workspace/.env". Continuing... For more details, refer to https://developers.cloudflare.com/workers/wrangler/system-environment-variables/
---

--- 2025-08-31T17:32:54.417Z debug
.env file not found at "/home/runner/workspace/.env.local". Continuing... For more details, refer to https://developers.cloudflare.com/workers/wrangler/system-environment-variables/
---

--- 2025-08-31T17:32:54.555Z log

 ⛅️ wrangler 4.33.1
───────────────────
---

--- 2025-08-31T17:32:54.582Z log
Getting User settings...
---

--- 2025-08-31T17:32:54.586Z debug
-- START CF API REQUEST: GET https://api.cloudflare.com/client/v4/user/tokens/verify
---

--- 2025-08-31T17:32:54.587Z debug
QUERY STRING: omitted; set WRANGLER_LOG_SANITIZE=false to include sanitized data
---

--- 2025-08-31T17:32:54.591Z debug
HEADERS: omitted; set WRANGLER_LOG_SANITIZE=false to include sanitized data
---

--- 2025-08-31T17:32:54.591Z debug
INIT: omitted; set WRANGLER_LOG_SANITIZE=false to include sanitized data
---

--- 2025-08-31T17:32:54.591Z debug
-- END CF API REQUEST
---

--- 2025-08-31T17:32:55.484Z debug
-- START CF API RESPONSE: Unauthorized 401
---

--- 2025-08-31T17:32:55.485Z debug
HEADERS: omitted; set WRANGLER_LOG_SANITIZE=false to include sanitized data
---

--- 2025-08-31T17:32:55.485Z debug
RESPONSE: omitted; set WRANGLER_LOG_SANITIZE=false to include sanitized data
---

--- 2025-08-31T17:32:55.485Z debug
-- END CF API RESPONSE
---

--- 2025-08-31T17:32:55.489Z debug
-- START CF API REQUEST: GET https://api.cloudflare.com/client/v4/user
---

--- 2025-08-31T17:32:55.489Z debug
QUERY STRING: omitted; set WRANGLER_LOG_SANITIZE=false to include sanitized data
---

--- 2025-08-31T17:32:55.489Z debug
HEADERS: omitted; set WRANGLER_LOG_SANITIZE=false to include sanitized data
---

--- 2025-08-31T17:32:55.489Z debug
INIT: omitted; set WRANGLER_LOG_SANITIZE=false to include sanitized data
---

--- 2025-08-31T17:32:55.489Z debug
-- END CF API REQUEST
---

--- 2025-08-31T17:32:56.384Z debug
-- START CF API RESPONSE: Forbidden 403
---

--- 2025-08-31T17:32:56.385Z debug
HEADERS: omitted; set WRANGLER_LOG_SANITIZE=false to include sanitized data
---

--- 2025-08-31T17:32:56.385Z debug
RESPONSE: omitted; set WRANGLER_LOG_SANITIZE=false to include sanitized data
---

--- 2025-08-31T17:32:56.385Z debug
-- END CF API RESPONSE
---

--- 2025-08-31T17:32:56.386Z debug
-- START CF API REQUEST: GET https://api.cloudflare.com/client/v4/accounts
---

--- 2025-08-31T17:32:56.386Z debug
QUERY STRING: omitted; set WRANGLER_LOG_SANITIZE=false to include sanitized data
---

--- 2025-08-31T17:32:56.386Z debug
HEADERS: omitted; set WRANGLER_LOG_SANITIZE=false to include sanitized data
---

--- 2025-08-31T17:32:56.386Z debug
INIT: omitted; set WRANGLER_LOG_SANITIZE=false to include sanitized data
---

--- 2025-08-31T17:32:56.386Z debug
-- END CF API REQUEST
---

--- 2025-08-31T17:32:57.322Z debug
-- START CF API RESPONSE: OK 200
---

--- 2025-08-31T17:32:57.323Z debug
HEADERS: omitted; set WRANGLER_LOG_SANITIZE=false to include sanitized data
---

--- 2025-08-31T17:32:57.323Z debug
RESPONSE: omitted; set WRANGLER_LOG_SANITIZE=false to include sanitized data
---

--- 2025-08-31T17:32:57.323Z debug
-- END CF API RESPONSE
---

--- 2025-08-31T17:32:57.323Z log
👋 You are logged in with an Account API Token, associated with the account 5g7krbyjzb@privaterelay.appleid.com's Account.
---

--- 2025-08-31T17:32:57.324Z log
ℹ️  The API Token is read from the CLOUDFLARE_API_TOKEN environment variable.
---

--- 2025-08-31T17:32:57.329Z log
┌───────────────────────────────────────────────┬──────────────────────────────────┐
│ Account Name                                  │ Account ID                       │
├───────────────────────────────────────────────┼──────────────────────────────────┤
│ 5g7krbyjzb@privaterelay.appleid.com's Account │ 9d8066290d8480a0f2572ee9b094db9d │
└───────────────────────────────────────────────┴──────────────────────────────────┘
---

--- 2025-08-31T17:32:57.330Z log
🔓 To see token permissions visit https://dash.cloudflare.com/9d8066290d8480a0f2572ee9b094db9d/api-tokens.
---

--- 2025-08-31T17:32:57.331Z debug
Metrics dispatcher: Posting data {"deviceId":"68948afc-595c-4c4d-8e12-41e719670161","event":"view accounts","timestamp":1756661577330,"properties":{"category":"Workers","wranglerVersion":"4.33.1","os":"linux:x64"}}
---

--- 2025-08-31T17:32:57.333Z debug
Metrics dispatcher: Posting data {"deviceId":"68948afc-595c-4c4d-8e12-41e719670161","event":"wrangler command completed","timestamp":1756661577333,"properties":{"amplitude_session_id":1756661574333,"amplitude_event_id":1,"wranglerVersion":"4.33.1","osPlatform":"Linux","osVersion":"#1-NixOS SMP PREEMPT_DYNAMIC Tue Jan  1 00:00:00 UTC 1980","nodeVersion":20,"packageManager":"npm","isFirstUsage":false,"configFileType":"toml","isCI":false,"isPagesCI":false,"isWorkersCI":false,"isInteractive":false,"hasAssets":false,"argsUsed":[],"argsCombination":"","command":"wrangler whoami","args":{},"durationMs":3025,"durationSeconds":3.025,"durationMinutes":0.050416666666666665}}
---
