
--- 2025-09-06T16:33:53.930Z debug
🪵  Writing logs to "/home/runner/workspace/.config/.wrangler/logs/wrangler-2025-09-06_16-33-53_754.log"
---

--- 2025-09-06T16:33:53.930Z debug
Metrics dispatcher: Posting data {"deviceId":"68948afc-595c-4c4d-8e12-41e719670161","event":"wrangler command started","timestamp":1757176433929,"properties":{"amplitude_session_id":1757176433925,"amplitude_event_id":0,"wranglerVersion":"4.33.1","osPlatform":"Linux","osVersion":"#1-NixOS SMP PREEMPT_DYNAMIC Tue Jan  1 00:00:00 UTC 1980","nodeVersion":20,"packageManager":"npm","isFirstUsage":false,"configFileType":"toml","isCI":false,"isPagesCI":false,"isWorkersCI":false,"isInteractive":false,"hasAssets":false,"argsUsed":["scopes"],"argsCombination":"scopes","command":"wrangler login","args":{"scopes":["<REDACTED>","<REDACTED>"],"browser":true,"callbackHost":"<REDACTED>","callbackPort":8976}}}
---

--- 2025-09-06T16:33:53.944Z debug
.env file not found at "/home/runner/workspace/.env". Continuing... For more details, refer to https://developers.cloudflare.com/workers/wrangler/system-environment-variables/
---

--- 2025-09-06T16:33:53.945Z debug
.env file not found at "/home/runner/workspace/.env.local". Continuing... For more details, refer to https://developers.cloudflare.com/workers/wrangler/system-environment-variables/
---

--- 2025-09-06T16:33:54.010Z log

 ⛅️ wrangler 4.33.1 (update available 4.34.0)
─────────────────────────────────────────────
---

--- 2025-09-06T16:33:54.018Z log
Attempting to login via OAuth...
---

--- 2025-09-06T16:33:54.024Z log
Opening a link in your default browser: https://dash.cloudflare.com/oauth2/auth?response_type=code&client_id=54d11594-84e4-41aa-b438-e81b8fa78ee7&redirect_uri=http%3A%2F%2Flocalhost%3A8976%2Foauth%2Fcallback&scope=workers%3Awrite%20workers_scripts%3Awrite%20offline_access&state=lZ9M9wQ__-WMDtGm1K5u-HV7LttsrsS2&code_challenge=pxOOj1RkF5EBsCnL4qNwig5vh5ucpD77myoojCOphXM&code_challenge_method=S256
---
