
--- 2025-08-31T17:34:39.760Z debug
🪵  Writing logs to "/home/runner/workspace/.config/.wrangler/logs/wrangler-2025-08-31_17-34-39_522.log"
---

--- 2025-08-31T17:34:39.759Z debug
Metrics dispatcher: Posting data {"deviceId":"68948afc-595c-4c4d-8e12-41e719670161","event":"wrangler command started","timestamp":1756661679759,"properties":{"amplitude_session_id":1756661679756,"amplitude_event_id":0,"wranglerVersion":"4.33.1","osPlatform":"Linux","osVersion":"#1-NixOS SMP PREEMPT_DYNAMIC Tue Jan  1 00:00:00 UTC 1980","nodeVersion":20,"packageManager":"npm","isFirstUsage":false,"configFileType":"toml","isCI":false,"isPagesCI":false,"isWorkersCI":false,"isInteractive":false,"hasAssets":false,"argsUsed":["name"],"argsCombination":"name","command":"wrangler deploy","args":{"name":"<REDACTED>","bundle":false,"noBundle":false,"latest":false,"keepVars":false,"xAutoCreate":true,"script":"<REDACTED>"}}}
---

--- 2025-08-31T17:34:39.777Z debug
.env file not found at "/home/runner/workspace/.env". Continuing... For more details, refer to https://developers.cloudflare.com/workers/wrangler/system-environment-variables/
---

--- 2025-08-31T17:34:39.777Z debug
.env file not found at "/home/runner/workspace/.env.local". Continuing... For more details, refer to https://developers.cloudflare.com/workers/wrangler/system-environment-variables/
---

--- 2025-08-31T17:34:39.872Z log

 ⛅️ wrangler 4.33.1
───────────────────
---

--- 2025-08-31T17:34:39.933Z debug
-- START CF API REQUEST: GET https://api.cloudflare.com/client/v4/memberships
---

--- 2025-08-31T17:34:39.933Z debug
QUERY STRING: omitted; set WRANGLER_LOG_SANITIZE=false to include sanitized data
---

--- 2025-08-31T17:34:39.934Z debug
HEADERS: omitted; set WRANGLER_LOG_SANITIZE=false to include sanitized data
---

--- 2025-08-31T17:34:39.934Z debug
INIT: omitted; set WRANGLER_LOG_SANITIZE=false to include sanitized data
---

--- 2025-08-31T17:34:39.934Z debug
-- END CF API REQUEST
---

--- 2025-08-31T17:34:40.207Z debug
-- START CF API RESPONSE: Bad Request 400
---

--- 2025-08-31T17:34:40.208Z debug
HEADERS: omitted; set WRANGLER_LOG_SANITIZE=false to include sanitized data
---

--- 2025-08-31T17:34:40.208Z debug
RESPONSE: omitted; set WRANGLER_LOG_SANITIZE=false to include sanitized data
---

--- 2025-08-31T17:34:40.208Z debug
-- END CF API RESPONSE
---

--- 2025-08-31T17:34:40.210Z log

---

--- 2025-08-31T17:34:40.284Z log
✘ [ERROR] A request to the Cloudflare API (/memberships) failed.

  Unable to authenticate request [code: 10001]
  
  If you think this is a bug, please open an issue at:
  https://github.com/cloudflare/workers-sdk/issues/new/choose


---

--- 2025-08-31T17:34:40.286Z debug
Metrics dispatcher: Posting data {"deviceId":"68948afc-595c-4c4d-8e12-41e719670161","event":"wrangler command errored","timestamp":1756661680286,"properties":{"amplitude_session_id":1756661679756,"amplitude_event_id":1,"wranglerVersion":"4.33.1","osPlatform":"Linux","osVersion":"#1-NixOS SMP PREEMPT_DYNAMIC Tue Jan  1 00:00:00 UTC 1980","nodeVersion":20,"packageManager":"npm","isFirstUsage":false,"configFileType":"toml","isCI":false,"isPagesCI":false,"isWorkersCI":false,"isInteractive":false,"hasAssets":false,"argsUsed":["name"],"argsCombination":"name","command":"wrangler deploy","args":{"name":"<REDACTED>","bundle":false,"noBundle":false,"latest":false,"keepVars":false,"xAutoCreate":true,"script":"<REDACTED>"},"durationMs":557,"durationSeconds":0.557,"durationMinutes":0.009283333333333334,"errorType":"APIError"}}
---
