
--- 2025-08-31T17:33:43.188Z debug
🪵  Writing logs to "/home/runner/workspace/.config/.wrangler/logs/wrangler-2025-08-31_17-33-42_952.log"
---

--- 2025-08-31T17:33:43.188Z debug
Metrics dispatcher: Posting data {"deviceId":"68948afc-595c-4c4d-8e12-41e719670161","event":"wrangler command started","timestamp":1756661623188,"properties":{"amplitude_session_id":1756661623185,"amplitude_event_id":0,"wranglerVersion":"4.33.1","osPlatform":"Linux","osVersion":"#1-NixOS SMP PREEMPT_DYNAMIC Tue Jan  1 00:00:00 UTC 1980","nodeVersion":20,"packageManager":"npm","isFirstUsage":false,"configFileType":"none","isCI":false,"isPagesCI":false,"isWorkersCI":false,"isInteractive":false,"hasAssets":false,"argsUsed":["compatibilityDate","name"],"argsCombination":"compatibilityDate, name","command":"wrangler deploy","args":{"name":"<REDACTED>","compatibilityDate":"<REDACTED>","noBundle":false,"latest":false,"keepVars":false,"xAutoCreate":true,"script":"<REDACTED>"}}}
---

--- 2025-08-31T17:33:43.209Z debug
.env file not found at "/tmp/.env". Continuing... For more details, refer to https://developers.cloudflare.com/workers/wrangler/system-environment-variables/
---

--- 2025-08-31T17:33:43.209Z debug
.env file not found at "/tmp/.env.local". Continuing... For more details, refer to https://developers.cloudflare.com/workers/wrangler/system-environment-variables/
---

--- 2025-08-31T17:33:43.289Z log

 ⛅️ wrangler 4.33.1
───────────────────
---

--- 2025-08-31T17:33:43.324Z debug
No folder available to cache configuration
---

--- 2025-08-31T17:33:43.326Z debug
-- START CF API REQUEST: GET https://api.cloudflare.com/client/v4/memberships
---

--- 2025-08-31T17:33:43.326Z debug
QUERY STRING: omitted; set WRANGLER_LOG_SANITIZE=false to include sanitized data
---

--- 2025-08-31T17:33:43.327Z debug
HEADERS: omitted; set WRANGLER_LOG_SANITIZE=false to include sanitized data
---

--- 2025-08-31T17:33:43.327Z debug
INIT: omitted; set WRANGLER_LOG_SANITIZE=false to include sanitized data
---

--- 2025-08-31T17:33:43.327Z debug
-- END CF API REQUEST
---

--- 2025-08-31T17:33:43.641Z debug
-- START CF API RESPONSE: Bad Request 400
---

--- 2025-08-31T17:33:43.642Z debug
HEADERS: omitted; set WRANGLER_LOG_SANITIZE=false to include sanitized data
---

--- 2025-08-31T17:33:43.642Z debug
RESPONSE: omitted; set WRANGLER_LOG_SANITIZE=false to include sanitized data
---

--- 2025-08-31T17:33:43.642Z debug
-- END CF API RESPONSE
---

--- 2025-08-31T17:33:43.645Z log

---

--- 2025-08-31T17:33:43.725Z log
✘ [ERROR] A request to the Cloudflare API (/memberships) failed.

  Unable to authenticate request [code: 10001]
  
  If you think this is a bug, please open an issue at:
  https://github.com/cloudflare/workers-sdk/issues/new/choose


---

--- 2025-08-31T17:33:43.727Z debug
Metrics dispatcher: Posting data {"deviceId":"68948afc-595c-4c4d-8e12-41e719670161","event":"wrangler command errored","timestamp":1756661623727,"properties":{"amplitude_session_id":1756661623185,"amplitude_event_id":1,"wranglerVersion":"4.33.1","osPlatform":"Linux","osVersion":"#1-NixOS SMP PREEMPT_DYNAMIC Tue Jan  1 00:00:00 UTC 1980","nodeVersion":20,"packageManager":"npm","isFirstUsage":false,"configFileType":"none","isCI":false,"isPagesCI":false,"isWorkersCI":false,"isInteractive":false,"hasAssets":false,"argsUsed":["compatibilityDate","name"],"argsCombination":"compatibilityDate, name","command":"wrangler deploy","args":{"name":"<REDACTED>","compatibilityDate":"<REDACTED>","noBundle":false,"latest":false,"keepVars":false,"xAutoCreate":true,"script":"<REDACTED>"},"durationMs":571,"durationSeconds":0.571,"durationMinutes":0.009516666666666666,"errorType":"APIError"}}
---
