
--- 2025-08-31T17:29:47.556Z debug
🪵  Writing logs to "/home/runner/workspace/.config/.wrangler/logs/wrangler-2025-08-31_17-29-47_309.log"
---

--- 2025-08-31T17:29:47.556Z debug
Metrics dispatcher: Posting data {"deviceId":"68948afc-595c-4c4d-8e12-41e719670161","event":"wrangler command started","timestamp":1756661387555,"properties":{"amplitude_session_id":1756661387552,"amplitude_event_id":0,"wranglerVersion":"4.33.1","osPlatform":"Linux","osVersion":"#1-NixOS SMP PREEMPT_DYNAMIC Tue Jan  1 00:00:00 UTC 1980","nodeVersion":20,"packageManager":"npm","isFirstUsage":false,"configFileType":"toml","isCI":false,"isPagesCI":false,"isWorkersCI":false,"isInteractive":false,"hasAssets":false,"argsUsed":["namespace"],"argsCombination":"namespace","command":"wrangler kv namespace create","args":{"namespace":"<REDACTED>"}}}
---

--- 2025-08-31T17:29:47.572Z debug
.env file not found at "/home/runner/workspace/.env". Continuing... For more details, refer to https://developers.cloudflare.com/workers/wrangler/system-environment-variables/
---

--- 2025-08-31T17:29:47.572Z debug
.env file not found at "/home/runner/workspace/.env.local". Continuing... For more details, refer to https://developers.cloudflare.com/workers/wrangler/system-environment-variables/
---

--- 2025-08-31T17:29:47.690Z log

 ⛅️ wrangler 4.33.1
───────────────────
---

--- 2025-08-31T17:29:47.710Z debug
-- START CF API REQUEST: GET https://api.cloudflare.com/client/v4/memberships
---

--- 2025-08-31T17:29:47.710Z debug
QUERY STRING: omitted; set WRANGLER_LOG_SANITIZE=false to include sanitized data
---

--- 2025-08-31T17:29:47.711Z debug
HEADERS: omitted; set WRANGLER_LOG_SANITIZE=false to include sanitized data
---

--- 2025-08-31T17:29:47.711Z debug
INIT: omitted; set WRANGLER_LOG_SANITIZE=false to include sanitized data
---

--- 2025-08-31T17:29:47.711Z debug
-- END CF API REQUEST
---

--- 2025-08-31T17:29:47.904Z debug
-- START CF API RESPONSE: Bad Request 400
---

--- 2025-08-31T17:29:47.905Z debug
HEADERS: omitted; set WRANGLER_LOG_SANITIZE=false to include sanitized data
---

--- 2025-08-31T17:29:47.905Z debug
RESPONSE: omitted; set WRANGLER_LOG_SANITIZE=false to include sanitized data
---

--- 2025-08-31T17:29:47.905Z debug
-- END CF API RESPONSE
---

--- 2025-08-31T17:29:47.908Z log

---

--- 2025-08-31T17:29:48.042Z log
✘ [ERROR] A request to the Cloudflare API (/memberships) failed.

  Unable to authenticate request [code: 10001]
  
  If you think this is a bug, please open an issue at:
  https://github.com/cloudflare/workers-sdk/issues/new/choose


---

--- 2025-08-31T17:29:48.043Z debug
Metrics dispatcher: Posting data {"deviceId":"68948afc-595c-4c4d-8e12-41e719670161","event":"wrangler command errored","timestamp":1756661388043,"properties":{"amplitude_session_id":1756661387552,"amplitude_event_id":1,"wranglerVersion":"4.33.1","osPlatform":"Linux","osVersion":"#1-NixOS SMP PREEMPT_DYNAMIC Tue Jan  1 00:00:00 UTC 1980","nodeVersion":20,"packageManager":"npm","isFirstUsage":false,"configFileType":"toml","isCI":false,"isPagesCI":false,"isWorkersCI":false,"isInteractive":false,"hasAssets":false,"argsUsed":["namespace"],"argsCombination":"namespace","command":"wrangler kv namespace create","args":{"namespace":"<REDACTED>"},"durationMs":518,"durationSeconds":0.518,"durationMinutes":0.008633333333333333,"errorType":"APIError"}}
---
