
--- 2025-09-06T16:33:32.271Z debug
🪵  Writing logs to "/home/runner/workspace/.config/.wrangler/logs/wrangler-2025-09-06_16-33-32_076.log"
---

--- 2025-09-06T16:33:32.271Z debug
Metrics dispatcher: Posting data {"deviceId":"68948afc-595c-4c4d-8e12-41e719670161","event":"wrangler command started","timestamp":1757176412271,"properties":{"amplitude_session_id":1757176412268,"amplitude_event_id":0,"wranglerVersion":"4.33.1","osPlatform":"Linux","osVersion":"#1-NixOS SMP PREEMPT_DYNAMIC Tue Jan  1 00:00:00 UTC 1980","nodeVersion":20,"packageManager":"npm","isFirstUsage":false,"configFileType":"toml","isCI":false,"isPagesCI":false,"isWorkersCI":false,"isInteractive":false,"hasAssets":false,"argsUsed":[],"argsCombination":"","command":"wrangler whoami","args":{}}}
---

--- 2025-09-06T16:33:32.290Z debug
.env file not found at "/home/runner/workspace/.env". Continuing... For more details, refer to https://developers.cloudflare.com/workers/wrangler/system-environment-variables/
---

--- 2025-09-06T16:33:32.290Z debug
.env file not found at "/home/runner/workspace/.env.local". Continuing... For more details, refer to https://developers.cloudflare.com/workers/wrangler/system-environment-variables/
---

--- 2025-09-06T16:33:32.769Z log

 ⛅️ wrangler 4.33.1 (update available 4.34.0)
─────────────────────────────────────────────
---

--- 2025-09-06T16:33:32.776Z log
Getting User settings...
---

--- 2025-09-06T16:33:32.778Z debug
-- START CF API REQUEST: GET https://api.cloudflare.com/client/v4/user/tokens/verify
---

--- 2025-09-06T16:33:32.778Z debug
QUERY STRING: omitted; set WRANGLER_LOG_SANITIZE=false to include sanitized data
---

--- 2025-09-06T16:33:32.778Z debug
HEADERS: omitted; set WRANGLER_LOG_SANITIZE=false to include sanitized data
---

--- 2025-09-06T16:33:32.778Z debug
INIT: omitted; set WRANGLER_LOG_SANITIZE=false to include sanitized data
---

--- 2025-09-06T16:33:32.778Z debug
-- END CF API REQUEST
---

--- 2025-09-06T16:33:32.976Z debug
-- START CF API RESPONSE: Bad Request 400
---

--- 2025-09-06T16:33:32.976Z debug
HEADERS: omitted; set WRANGLER_LOG_SANITIZE=false to include sanitized data
---

--- 2025-09-06T16:33:32.977Z debug
RESPONSE: omitted; set WRANGLER_LOG_SANITIZE=false to include sanitized data
---

--- 2025-09-06T16:33:32.977Z debug
-- END CF API RESPONSE
---

--- 2025-09-06T16:33:32.979Z log

---

--- 2025-09-06T16:33:33.071Z log
✘ [ERROR] A request to the Cloudflare API (/user/tokens/verify) failed.

  Invalid request headers [code: 6003]
  
  - Invalid format for Authorization header [code: 6111]

  
  If you think this is a bug, please open an issue at:
  https://github.com/cloudflare/workers-sdk/issues/new/choose


---

--- 2025-09-06T16:33:33.073Z debug
Metrics dispatcher: Posting data {"deviceId":"68948afc-595c-4c4d-8e12-41e719670161","event":"wrangler command errored","timestamp":1757176413072,"properties":{"amplitude_session_id":1757176412268,"amplitude_event_id":1,"wranglerVersion":"4.33.1","osPlatform":"Linux","osVersion":"#1-NixOS SMP PREEMPT_DYNAMIC Tue Jan  1 00:00:00 UTC 1980","nodeVersion":20,"packageManager":"npm","isFirstUsage":false,"configFileType":"toml","isCI":false,"isPagesCI":false,"isWorkersCI":false,"isInteractive":false,"hasAssets":false,"argsUsed":[],"argsCombination":"","command":"wrangler whoami","args":{},"durationMs":820,"durationSeconds":0.82,"durationMinutes":0.013666666666666666,"errorType":"APIError"}}
---
