
--- 2025-09-06T15:50:50.622Z debug
🪵  Writing logs to "/home/runner/workspace/.config/.wrangler/logs/wrangler-2025-09-06_15-50-50_411.log"
---

--- 2025-09-06T15:50:50.622Z debug
Metrics dispatcher: Posting data {"deviceId":"68948afc-595c-4c4d-8e12-41e719670161","event":"wrangler command started","timestamp":1757173850622,"properties":{"amplitude_session_id":1757173850619,"amplitude_event_id":0,"wranglerVersion":"4.33.1","osPlatform":"Linux","osVersion":"#1-NixOS SMP PREEMPT_DYNAMIC Tue Jan  1 00:00:00 UTC 1980","nodeVersion":20,"packageManager":"npm","isFirstUsage":false,"configFileType":"toml","isCI":false,"isPagesCI":false,"isWorkersCI":false,"isInteractive":false,"hasAssets":false,"argsUsed":["compatibilityDate"],"argsCombination":"compatibilityDate","command":"wrangler deploy","args":{"compatibilityDate":"<REDACTED>","noBundle":false,"latest":false,"keepVars":false,"xAutoCreate":true}}}
---

--- 2025-09-06T15:50:50.637Z debug
.env file not found at "/home/runner/workspace/.env". Continuing... For more details, refer to https://developers.cloudflare.com/workers/wrangler/system-environment-variables/
---

--- 2025-09-06T15:50:50.637Z debug
.env file not found at "/home/runner/workspace/.env.local". Continuing... For more details, refer to https://developers.cloudflare.com/workers/wrangler/system-environment-variables/
---

--- 2025-09-06T15:50:50.734Z log

 ⛅️ wrangler 4.33.1 (update available 4.34.0)
─────────────────────────────────────────────
---

--- 2025-09-06T15:50:50.781Z debug
-- START CF API REQUEST: GET https://api.cloudflare.com/client/v4/memberships
---

--- 2025-09-06T15:50:50.782Z debug
QUERY STRING: omitted; set WRANGLER_LOG_SANITIZE=false to include sanitized data
---

--- 2025-09-06T15:50:50.782Z debug
HEADERS: omitted; set WRANGLER_LOG_SANITIZE=false to include sanitized data
---

--- 2025-09-06T15:50:50.782Z debug
INIT: omitted; set WRANGLER_LOG_SANITIZE=false to include sanitized data
---

--- 2025-09-06T15:50:50.782Z debug
-- END CF API REQUEST
---

--- 2025-09-06T15:50:51.017Z debug
-- START CF API RESPONSE: Bad Request 400
---

--- 2025-09-06T15:50:51.018Z debug
HEADERS: omitted; set WRANGLER_LOG_SANITIZE=false to include sanitized data
---

--- 2025-09-06T15:50:51.018Z debug
RESPONSE: omitted; set WRANGLER_LOG_SANITIZE=false to include sanitized data
---

--- 2025-09-06T15:50:51.018Z debug
-- END CF API RESPONSE
---

--- 2025-09-06T15:50:51.025Z log

---

--- 2025-09-06T15:50:51.103Z log
✘ [ERROR] A request to the Cloudflare API (/memberships) failed.

  Unable to authenticate request [code: 10001]
  
  If you think this is a bug, please open an issue at:
  https://github.com/cloudflare/workers-sdk/issues/new/choose


---

--- 2025-09-06T15:50:51.105Z debug
Metrics dispatcher: Posting data {"deviceId":"68948afc-595c-4c4d-8e12-41e719670161","event":"wrangler command errored","timestamp":1757173851105,"properties":{"amplitude_session_id":1757173850619,"amplitude_event_id":1,"wranglerVersion":"4.33.1","osPlatform":"Linux","osVersion":"#1-NixOS SMP PREEMPT_DYNAMIC Tue Jan  1 00:00:00 UTC 1980","nodeVersion":20,"packageManager":"npm","isFirstUsage":false,"configFileType":"toml","isCI":false,"isPagesCI":false,"isWorkersCI":false,"isInteractive":false,"hasAssets":false,"argsUsed":["compatibilityDate"],"argsCombination":"compatibilityDate","command":"wrangler deploy","args":{"compatibilityDate":"<REDACTED>","noBundle":false,"latest":false,"keepVars":false,"xAutoCreate":true},"durationMs":525,"durationSeconds":0.525,"durationMinutes":0.00875,"errorType":"APIError"}}
---
