
--- 2025-08-31T17:33:14.571Z debug
🪵  Writing logs to "/home/runner/workspace/.config/.wrangler/logs/wrangler-2025-08-31_17-33-14_398.log"
---

--- 2025-08-31T17:33:14.571Z debug
Metrics dispatcher: Posting data {"deviceId":"68948afc-595c-4c4d-8e12-41e719670161","event":"wrangler command started","timestamp":1756661594571,"properties":{"amplitude_session_id":1756661594568,"amplitude_event_id":0,"wranglerVersion":"4.33.1","osPlatform":"Linux","osVersion":"#1-NixOS SMP PREEMPT_DYNAMIC Tue Jan  1 00:00:00 UTC 1980","nodeVersion":20,"packageManager":"npm","isFirstUsage":false,"configFileType":"toml","isCI":false,"isPagesCI":false,"isWorkersCI":false,"isInteractive":false,"hasAssets":false,"argsUsed":["compatibilityDate","name"],"argsCombination":"compatibilityDate, name","command":"wrangler deploy","args":{"compatibilityDate":"<REDACTED>","name":"<REDACTED>","noBundle":false,"latest":false,"keepVars":false,"xAutoCreate":true}}}
---

--- 2025-08-31T17:33:14.589Z debug
.env file not found at "/home/runner/workspace/.env". Continuing... For more details, refer to https://developers.cloudflare.com/workers/wrangler/system-environment-variables/
---

--- 2025-08-31T17:33:14.589Z debug
.env file not found at "/home/runner/workspace/.env.local". Continuing... For more details, refer to https://developers.cloudflare.com/workers/wrangler/system-environment-variables/
---

--- 2025-08-31T17:33:14.713Z log

 ⛅️ wrangler 4.33.1
───────────────────
---

--- 2025-08-31T17:33:14.785Z debug
-- START CF API REQUEST: GET https://api.cloudflare.com/client/v4/memberships
---

--- 2025-08-31T17:33:14.785Z debug
QUERY STRING: omitted; set WRANGLER_LOG_SANITIZE=false to include sanitized data
---

--- 2025-08-31T17:33:14.786Z debug
HEADERS: omitted; set WRANGLER_LOG_SANITIZE=false to include sanitized data
---

--- 2025-08-31T17:33:14.786Z debug
INIT: omitted; set WRANGLER_LOG_SANITIZE=false to include sanitized data
---

--- 2025-08-31T17:33:14.786Z debug
-- END CF API REQUEST
---

--- 2025-08-31T17:33:15.005Z debug
-- START CF API RESPONSE: Bad Request 400
---

--- 2025-08-31T17:33:15.006Z debug
HEADERS: omitted; set WRANGLER_LOG_SANITIZE=false to include sanitized data
---

--- 2025-08-31T17:33:15.006Z debug
RESPONSE: omitted; set WRANGLER_LOG_SANITIZE=false to include sanitized data
---

--- 2025-08-31T17:33:15.006Z debug
-- END CF API RESPONSE
---

--- 2025-08-31T17:33:15.008Z log

---

--- 2025-08-31T17:33:15.096Z log
✘ [ERROR] A request to the Cloudflare API (/memberships) failed.

  Unable to authenticate request [code: 10001]
  
  If you think this is a bug, please open an issue at:
  https://github.com/cloudflare/workers-sdk/issues/new/choose


---

--- 2025-08-31T17:33:15.098Z debug
Metrics dispatcher: Posting data {"deviceId":"68948afc-595c-4c4d-8e12-41e719670161","event":"wrangler command errored","timestamp":1756661595098,"properties":{"amplitude_session_id":1756661594568,"amplitude_event_id":1,"wranglerVersion":"4.33.1","osPlatform":"Linux","osVersion":"#1-NixOS SMP PREEMPT_DYNAMIC Tue Jan  1 00:00:00 UTC 1980","nodeVersion":20,"packageManager":"npm","isFirstUsage":false,"configFileType":"toml","isCI":false,"isPagesCI":false,"isWorkersCI":false,"isInteractive":false,"hasAssets":false,"argsUsed":["compatibilityDate","name"],"argsCombination":"compatibilityDate, name","command":"wrangler deploy","args":{"compatibilityDate":"<REDACTED>","name":"<REDACTED>","noBundle":false,"latest":false,"keepVars":false,"xAutoCreate":true},"durationMs":551,"durationSeconds":0.551,"durationMinutes":0.009183333333333333,"errorType":"APIError"}}
---
